<?xml version="1.0" encoding="UTF-8"?>
<!-- Generated by org.testng.reporters.JUnitReportReporter -->
<testsuite hostname="DESKTOP-RUC9O5J" failures="0" tests="2" name="Academy.E2EProject.HomePage" time="21.715" errors="0" timestamp="25 Aug 2020 13:16:16 GMT">
  <testcase classname="Academy.E2EProject.HomePage" name="basePageNavigation" time="5.449"/>
  <testcase classname="Academy.E2EProject.HomePage" name="basePageNavigation" time="16.266"/>
</testsuite> <!-- Academy.E2EProject.HomePage -->
