<?xml version="1.0" encoding="UTF-8"?>
<!-- Generated by org.testng.reporters.JUnitReportReporter -->
<testsuite hostname="DESKTOP-RUC9O5J" failures="0" tests="1" name="Academy.E2EProject.ValidateTitle" time="1.488" errors="0" timestamp="25 Aug 2020 13:16:16 GMT">
  <testcase classname="Academy.E2EProject.ValidateTitle" name="basePageNavigation" time="1.488"/>
</testsuite> <!-- Academy.E2EProject.ValidateTitle -->
