<?xml version="1.0" encoding="UTF-8"?>
<!-- Generated by org.testng.reporters.JUnitReportReporter -->
<testsuite hostname="DESKTOP-RUC9O5J" failures="0" tests="1" name="Academy.E2EProject.ValidatePractice" time="9.237" errors="0" timestamp="25 Aug 2020 13:16:16 GMT">
  <testcase classname="Academy.E2EProject.ValidatePractice" name="validatePracticePage" time="9.237"/>
</testsuite> <!-- Academy.E2EProject.ValidatePractice -->
